<?xml version="1.0" encoding="UTF-8"?>
<!-- Generated by org.testng.reporters.JUnitReportReporter -->
<testsuite hostname="LAPTOP-DGD6NTJ7" failures="0" tests="2" name="com.test.newjob.TestNGsample" time="0.013" errors="0" timestamp="2023-04-18T22:38:24 IST" skipped="0">
  <testcase classname="com.test.newjob.TestNGsample" name="test2" time="0.012"/>
  <system-out/>
  <testcase classname="com.test.newjob.TestNGsample" name="test1" time="0.001"/>
  <system-out/>
</testsuite> <!-- com.test.newjob.TestNGsample -->
