<?xml version="1.0" encoding="UTF-8"?>
<!-- Generated by org.testng.reporters.JUnitReportReporter -->
<testsuite hostname="LAPTOP-DGD6NTJ7" failures="0" tests="7" name="com.test.newjob.TestNGsampleTest" time="0.019" errors="0" timestamp="2023-05-26T19:31:04 IST" skipped="0">
  <testcase classname="com.test.newjob.TestNGsampleTest" name="Parameter2" time="0.009"/>
  <system-out/>
  <testcase classname="com.test.newjob.TestNGsampleTest" name="DataProvider1Example" time="0.001"/>
  <system-out/>
  <testcase classname="com.test.newjob.TestNGsampleTest" name="DataProvider1Example" time="0.004"/>
  <system-out/>
  <testcase classname="com.test.newjob.TestNGsampleTest" name="DataProvider1Example" time="0.001"/>
  <system-out/>
  <testcase classname="com.test.newjob.TestNGsampleTest" name="Parameter1" time="0.001"/>
  <system-out/>
  <testcase classname="com.test.newjob.TestNGsampleTest" name="HelperAttributes1" time="0.002"/>
  <system-out/>
  <testcase classname="com.test.newjob.TestNGsampleTest" name="HelperAttributes2" time="0.001"/>
  <system-out/>
</testsuite> <!-- com.test.newjob.TestNGsampleTest -->
